[violet] 2025-10-31 CoSteward@28226a9 set:S-ops-gibindex-multicycle-v1 cycles:1 do:0 status:ok ; s:v1

[violet] 2025-10-31 CoSteward@28226a9 set:S-ops-gibindex-multicycle-v1 cycles:1 do:0 status:ok ; s:v1

[violet] 2025-10-31 CoSteward@b23359a set:S-ops-gibindex-multicycle-v1 cycles:1 do:0 status:ok ; s:v1

[violet] 2025-10-31 CoSteward@57a92fb set:S-ops-gibindex-multicycle-v1 cycles:1 do:0 status:ok ; s:v1

[violet] 2025-10-31 CoSteward@b3273f2 set:S-ops-gibindex-multicycle-v1 cycles:1 do:0 status:ok ; s:v1

[violet] 2025-10-31 CoSteward@db066b7 set:S-ops-gibindex-multicycle-v1 cycles:1 do:0 status:ok ; s:v1

[violet] 2025-10-31 CoSteward@db066b7 set:S-ops-gibindex-multicycle-v1 cycles:1 do:0 status:ok ; s:v1

[violet] 2025-10-31 CoSteward@db066b7 set:S-ops-gibindex-multicycle-v1 cycles:1 do:0 status:ok ; s:v1

[violet] 2025-10-31 CoSteward@922c1ac set:S-ops-gibindex-multicycle-v1 cycles:1 do:0 status:ok ; s:v1

[violet] 2025-10-31 CoSteward@e3ce78e set:S-ops-gibindex-multicycle-v1 cycles:1 do:0 status:ok ; s:v1

[violet] 2025-10-31 CoSteward@b63ea42 set:S-ops-gibindex-multicycle-v1 cycles:1 do:0 status:ok ; s:v1

[violet] 2025-10-31 CoSteward@8ac83d9 set:S-ops-gibindex-multicycle-v1 cycles:1 do:0 status:ok ; s:v1

[violet] 2025-10-31 CoSteward@80120b0 set:S-ops-gibindex-multicycle-v1 cycles:1 do:0 status:ok ; s:v1

[violet] 2025-10-31 CoSteward@80120b0 set:S-ops-gibindex-multicycle-v1 cycles:1 do:0 status:ok ; s:v1

[violet] 2025-10-31 CoSteward@80120b0 set:S-ops-gibindex-multicycle-v1 cycles:1 do:0 status:ok ; s:v1

[violet] 2025-10-31 CoSteward@80120b0 set:S-ops-gibindex-multicycle-v1 cycles:1 do:0 status:ok ; s:v1

[violet] 2025-10-31 CoSteward@d54934c set:S-ops-gibindex-multicycle-v1 cycles:1 do:0 status:ok ; s:v1

[violet] 2025-10-31 CoSteward@d54934c set:S-ops-gibindex-multicycle-v1 cycles:1 do:0 status:ok ; s:v1

[violet] 2025-10-31 CoSteward@d54934c set:S-ops-gibindex-multicycle-v1 cycles:1 do:0 status:ok ; s:v1

[violet] 2025-10-31 CoSteward@b4235ef set:S-ops-gibindex-multicycle-v1 cycles:1 do:0 status:ok ; s:v1

[violet] 2025-11-02 CoSteward@b4235ef set:S-ops-gibindex-multicycle-v1 cycles:1 do:0 status:ok ; s:v1

[violet] 2025-11-02 CoSteward@3dbf4d1 set:S-ai-dream-dash-and-inbox cycles:1 do:5 status:ok ; s:v1
[violet] 2025-11-02T20:38:17Z CoSteward@fe305a3 set:S-ci-inbox-ignore+insight-backlinks cycles:1 do:2 status:ok ; s:v1
[violet] 2025-11-02T20:41:26Z CoSteward@fe305a3 set:S-ci-inbox-ignore+ai-dream-backlinks cycles:1 do:3 status:ok ; s:v1
[violet] 2025-11-02T20:45:31Z CoSteward@fe305a3 set:S-ai-dream-banner+playlets+consent-kit cycles:1 do:3 status:ok ; s:v1
[violet] 2025-11-02T20:48:42Z CoSteward@fe305a3 set:S-ai-dream-kpi+guard+banner-cherry cycles:1 do:4 status:ok ; s:v1
